07.03.2020 12:43:09 [main] Пользователь ввел станцию: Гражданский проспект
07.03.2020 12:43:15 [main] Пользователь ввел станцию: Чёрная речка
07.03.2020 12:44:43 [main] Пользователь ввел станцию: Чёрная речка
07.03.2020 12:44:47 [main] Пользователь ввел станцию: Девяткино
07.03.2020 12:51:51 [main] Пользователь ввел станцию: Девяткино
07.03.2020 12:52:00 [main] Пользователь ввел станцию: Новая
07.03.2020 12:52:04 [main] Пользователь ввел станцию: Садовая
07.03.2020 12:52:09 [main] Пользователь ввел станцию: Пушкинская
07.03.2020 13:01:07 [main] Пользователь ввел станцию: Новая
07.03.2020 13:01:10 [main] Пользователь ввел станцию: Садовая
07.03.2020 13:03:15 [main] Пользователь ввел станцию: Новая
07.03.2020 13:03:18 [main] Пользователь ввел станцию: Садовая
07.03.2020 13:03:27 [main] Пользователь ввел станцию: Невский проспект
07.03.2020 13:03:38 [main] Пользователь ввел станцию: Новочеркасская
07.03.2020 13:04:34 [main] Пользователь ввел станцию: Новочеркасская
07.03.2020 13:04:37 [main] Пользователь ввел станцию: Новая
07.03.2020 13:04:42 [main] Пользователь ввел станцию: Удельная
07.03.2020 13:04:44 [main] Пользователь ввел станцию: Парнас
07.03.2020 13:05:55 [main] Пользователь ввел станцию: Лиговский проспект
07.03.2020 13:06:09 [main] Пользователь ввел станцию: Девяткино
07.03.2020 13:06:38 [main] Пользователь ввел станцию: Проспект Ветеранов
07.03.2020 13:06:41 [main] Пользователь ввел станцию: Новая
